<?xml version="1.0" encoding="UTF-8"?>
<!-- Generated by org.testng.reporters.JUnitXMLReporter -->
<testsuite hostname="sinl112131m" ignored="0" name="TestsOnFirefox" tests="4" failures="0" timestamp="14 Apr 2021 09:52:06 GMT" time="81.553" errors="0">
  <testcase name="signUp" time="20.077" classname="com.qa.automation.ecommerce.EcommerceTest"/>
  <testcase name="getCheapestIndigoNonStopFlightsOnNexWeek" time="28.309" classname="com.qa.automation.makemytrip.MakeMyTripTest"/>
  <testcase name="purchaseAnItem" time="30.733" classname="com.qa.automation.ecommerce.EcommerceTest"/>
  <testcase name="getFlightsFromDealsPage" time="39.764" classname="com.qa.automation.makemytrip.MakeMyTripTest"/>
</testsuite> <!-- TestsOnFirefox -->
