<?xml version="1.0" encoding="UTF-8"?>
<!-- Generated by org.testng.reporters.JUnitXMLReporter -->
<testsuite hostname="sinl112131m" ignored="0" name="TestsOnChrome" tests="4" failures="0" timestamp="14 Apr 2021 09:50:43 GMT" time="66.724" errors="0">
  <testcase name="signUp" time="21.197" classname="com.qa.automation.ecommerce.EcommerceTest"/>
  <testcase name="getCheapestIndigoNonStopFlightsOnNexWeek" time="29.733" classname="com.qa.automation.makemytrip.MakeMyTripTest"/>
  <testcase name="getFlightsFromDealsPage" time="28.432" classname="com.qa.automation.makemytrip.MakeMyTripTest"/>
  <testcase name="purchaseAnItem" time="31.436" classname="com.qa.automation.ecommerce.EcommerceTest"/>
</testsuite> <!-- TestsOnChrome -->
